C51 COMPILER V9.60.7.0   CALCULATOR                                                        02/08/2023 05:29:26 PAGE 1   


C51 COMPILER V9.60.7.0, COMPILATION OF MODULE CALCULATOR
OBJECT MODULE PLACED IN .\Objects\calculator.obj
COMPILER INVOKED BY: C:\Keil_v5\C51\BIN\C51.EXE calculator.c COMPACT OPTIMIZE(9,SPEED) BROWSE DEBUG OBJECTEXTEND PRINT(.
                    -\Listings\calculator.lst) TABS(2) OBJECT(.\Objects\calculator.obj)

line level    source

   1          #include <ctype.h>
   2          #include <math.h>
   3          #include <stdio.h>
   4          #include <string.h>
   5          #include "calculator.h"
   6          
   7          char *p;
   8          
   9          double parse_expr();
  10          double parse_term();
  11          double parse_factor();
  12          double parse_number();
  13          
  14          /*
  15           * parse_expr - 解析表达式
  16           *
  17           * 表达式的语法规则是：
  18           * 表达式 ::= 项 { '+' 项 | '-' 项 }
  19           */
  20          double parse_expr()
  21          {
  22   1          double result = parse_term();
  23   1          while (*p == '+' || *p == '-')
  24   1          {
  25   2              char op = *p++;
  26   2              double term = parse_term();
  27   2              if (op == '+')
  28   2              {
  29   3                  result += term;
  30   3              }
  31   2              else
  32   2              {
  33   3                  result -= term;
  34   3              }
  35   2          }
  36   1          return result;
  37   1      }
  38          
  39          /*
  40           * parse_term - 解析项
  41           *
  42           * 项的语法规则是：
  43           * 项 ::= 因子 { '*' 因子 | '/' 因子 }
  44           */
  45          double parse_term()
  46          {
  47   1          double result = parse_factor();
  48   1          while (*p == 'x' || *p == '/')
  49   1          {
  50   2              char op = *p++;
  51   2              double factor = parse_factor();
  52   2              if (op == 'x')
  53   2              {
  54   3                  result *= factor;
C51 COMPILER V9.60.7.0   CALCULATOR                                                        02/08/2023 05:29:26 PAGE 2   

  55   3              }
  56   2              else
  57   2              {
  58   3                  result /= factor;
  59   3              }
  60   2          }
  61   1          return result;
  62   1      }
  63          
  64          /*
  65           * parse_factor - 解析因子
  66           *
  67           * 因子的语法规则是：
  68           * 因子 ::= 数字 | '(' 表达式 ')' | '+' 因子 | '-' 因子 | 函数 因子
  69           * 函数 ::= "sin" | "cos" | "tan" | "sqrt" | "log" | "exp"
  70           */
  71          double parse_factor()
  72          {
  73   1          double result = 0;
  74   1          double factor;
  75   1          if (*p == '(')
  76   1          {
  77   2              p++;
  78   2              result = parse_expr();
  79   2              p++;
  80   2          }
  81   1          else if (isdigit(*p) || *p == '.')
  82   1          {
  83   2              result = parse_number();
  84   2          }
  85   1          else if (*p == '+' || *p == '-')
  86   1          {
  87   2              char op = *p++;
  88   2              result = parse_factor();
  89   2              result = (op == '+') ? result : -result;
  90   2          }
  91   1          else if (isalpha(*p))
  92   1          {
  93   2              char func[10];
  94   2              int i = 0;
  95   2              while (isalpha(*p))
  96   2              {
  97   3                  func[i++] = *p++;
  98   3              }
  99   2              func[i] = '\0';
 100   2              factor = parse_factor();
 101   2              if (strcmp(func, "sin") == 0)
 102   2              {
 103   3                  result = sin(factor);
 104   3              }
 105   2              else if (strcmp(func, "cos") == 0)
 106   2              {
 107   3                  result = cos(factor);
 108   3              }
 109   2              else if (strcmp(func, "tan") == 0)
 110   2              {
 111   3                  result = tan(factor);
 112   3              }
 113   2              else if (strcmp(func, "sqrt") == 0)
 114   2              {
 115   3                  result = sqrt(factor);
 116   3              }
C51 COMPILER V9.60.7.0   CALCULATOR                                                        02/08/2023 05:29:26 PAGE 3   

 117   2              else if (strcmp(func, "ln") == 0)
 118   2              {
 119   3                  result = log(factor);
 120   3              }
 121   2              else if (strcmp(func, "exp") == 0)
 122   2              {
 123   3                  result = exp(factor);
 124   3              }
 125   2          }
 126   1          while (*p == '^')
 127   1          {
 128   2              double factor;
 129   2              p++;
 130   2              factor = parse_factor();
 131   2              result = pow(result, factor);
 132   2          }
 133   1          return result;
 134   1      }
 135          
 136          /*
 137           * parse_number - 解析数字
 138           *
 139           * 数字的语法规则是：
 140           * 数字 ::= 整数 { '.' [整数] }
 141           */
 142          double parse_number()
 143          {
 144   1          double result = 0;
 145   1          double fraction;
 146   1          while (isdigit(*p))
 147   1          {
 148   2              result = result * 10 + *p++ - '0';
 149   2          }
 150   1          if (*p == '.')
 151   1          {
 152   2              p++;
 153   2              fraction = 1;
 154   2              while (isdigit(*p))
 155   2              {
 156   3                  fraction /= 10;
 157   3                  result += (*p++ - '0') * fraction;
 158   3              }
 159   2          }
 160   1          return result;
 161   1      }
 162          
 163          double calculator(char *express)
 164          {
 165   1          p = express;
 166   1          return parse_expr();
 167   1      }


MODULE INFORMATION:   STATIC OVERLAYABLE
   CODE SIZE        =    787    ----
   CONSTANT SIZE    =     24    ----
   XDATA SIZE       =   ----    ----
   PDATA SIZE       =      3      46
   DATA SIZE        =   ----    ----
   IDATA SIZE       =   ----    ----
   BIT SIZE         =   ----    ----
END OF MODULE INFORMATION.

C51 COMPILER V9.60.7.0   CALCULATOR                                                        02/08/2023 05:29:26 PAGE 4   


C51 COMPILATION COMPLETE.  0 WARNING(S),  0 ERROR(S)
